<?xml version="1.0" encoding="UTF-8"?>
<!-- Generated by org.testng.reporters.JUnitXMLReporter -->
<testsuite ignored="0" hostname="TR-26TFZY2" failures="0" tests="2" name="BankingApp Test" time="260.287" errors="0" timestamp="05 Jul 2020 20:40:53 GMT">
  <testcase classname="com.inetbanking.testCases.TC_LoginTest_001" name="loginTest" time="119.17"/>
  <testcase classname="com.inetbanking.testCases.TC_AddCustomerTest_003" name="addNewCustomer" time="13.163"/>
</testsuite> <!-- BankingApp Test -->
