<?xml version="1.0" encoding="UTF-8"?>
<testng-results ignored="0" total="2" passed="2" failed="0" skipped="0">
  <reporter-output>
  </reporter-output>
  <suite started-at="2020-07-05T20:36:33Z" name="InextBankingV1" finished-at="2020-07-05T20:40:53Z" duration-ms="260287">
    <groups>
    </groups>
    <test started-at="2020-07-05T20:36:33Z" name="BankingApp Test" finished-at="2020-07-05T20:40:53Z" duration-ms="260287">
      <class name="com.inetbanking.testCases.TC_LoginTest_001">
        <test-method is-config="true" signature="setup(java.lang.String)[pri:0, instance:com.inetbanking.testCases.TC_LoginTest_001@693fe6c9]" started-at="2020-07-05T20:36:34Z" name="setup" finished-at="2020-07-05T20:38:08Z" duration-ms="94006" status="PASS">
          <params>
            <param index="0">
              <value>
                <![CDATA[chrome]]>
              </value>
            </param>
          </params>
          <reporter-output>
          </reporter-output>
        </test-method> <!-- setup -->
        <test-method signature="loginTest()[pri:0, instance:com.inetbanking.testCases.TC_LoginTest_001@693fe6c9]" started-at="2020-07-05T20:38:08Z" name="loginTest" finished-at="2020-07-05T20:40:07Z" duration-ms="119170" status="PASS">
          <reporter-output>
          </reporter-output>
        </test-method> <!-- loginTest -->
        <test-method is-config="true" signature="tearDown()[pri:0, instance:com.inetbanking.testCases.TC_LoginTest_001@693fe6c9]" started-at="2020-07-05T20:40:07Z" name="tearDown" finished-at="2020-07-05T20:40:08Z" duration-ms="1162" status="PASS">
          <reporter-output>
          </reporter-output>
        </test-method> <!-- tearDown -->
      </class> <!-- com.inetbanking.testCases.TC_LoginTest_001 -->
      <class name="com.inetbanking.testCases.TC_AddCustomerTest_003">
        <test-method is-config="true" signature="setup(java.lang.String)[pri:0, instance:com.inetbanking.testCases.TC_AddCustomerTest_003@34f5090e]" started-at="2020-07-05T20:40:08Z" name="setup" finished-at="2020-07-05T20:40:39Z" duration-ms="31141" status="PASS">
          <params>
            <param index="0">
              <value>
                <![CDATA[chrome]]>
              </value>
            </param>
          </params>
          <reporter-output>
          </reporter-output>
        </test-method> <!-- setup -->
        <test-method signature="addNewCustomer()[pri:0, instance:com.inetbanking.testCases.TC_AddCustomerTest_003@34f5090e]" started-at="2020-07-05T20:40:39Z" name="addNewCustomer" finished-at="2020-07-05T20:40:52Z" duration-ms="13163" status="PASS">
          <reporter-output>
          </reporter-output>
        </test-method> <!-- addNewCustomer -->
        <test-method is-config="true" signature="tearDown()[pri:0, instance:com.inetbanking.testCases.TC_AddCustomerTest_003@34f5090e]" started-at="2020-07-05T20:40:52Z" name="tearDown" finished-at="2020-07-05T20:40:53Z" duration-ms="977" status="PASS">
          <reporter-output>
          </reporter-output>
        </test-method> <!-- tearDown -->
      </class> <!-- com.inetbanking.testCases.TC_AddCustomerTest_003 -->
    </test> <!-- BankingApp Test -->
  </suite> <!-- InextBankingV1 -->
</testng-results>
